c:\users\наталья\documents\github\lab7_graphics\debug\vc120.pdb
c:\users\наталья\documents\github\lab7_graphics\debug\myform.obj
c:\users\наталья\documents\github\lab7_graphics\debug\.netframework,version=v4.5.assemblyattributes.obj
c:\users\hryasch\documents\github\lab7_graphics\debug\vc120.pdb
c:\users\hryasch\documents\github\lab7_graphics\debug\myform.obj
c:\users\hryasch\documents\github\lab7_graphics\debug\.netframework,version=v4.5.assemblyattributes.obj
c:\users\наталья\documents\github\lab7_graphics\debug\lab7_graphics.myform.resources
c:\users\hryasch\documents\github\lab7_graphics\debug\lab7_graphics.myform.resources
c:\users\наталья\documents\github\lab7_graphics\debug\lab7_graphics.exe
c:\users\наталья\documents\github\lab7_graphics\debug\lab7_graphics.pdb
c:\users\hryasch\documents\github\lab7_graphics\debug\lab7_graphics.exe
c:\users\hryasch\documents\github\lab7_graphics\debug\lab7_graphics.pdb
c:\users\hryasch\documents\github\lab7_graphics\debug\lab7_graphics.vcxproj.generateresource.cache
c:\users\hryasch\documents\github\lab7_graphics\debug\lab7_graphics.vcxprojresolveassemblyreference.cache
c:\users\hryasch\documents\github\lab7_graphics\debug\lab7_graphics.exe.metagen
c:\users\hryasch\documents\github\lab7_graphics\debug\lab7_graphics.tlog\cl.command.1.tlog
c:\users\hryasch\documents\github\lab7_graphics\debug\lab7_graphics.tlog\cl.read.1.tlog
c:\users\hryasch\documents\github\lab7_graphics\debug\lab7_graphics.tlog\cl.write.1.tlog
c:\users\hryasch\documents\github\lab7_graphics\debug\lab7_graphics.tlog\lab7_graphics.write.1u.tlog
c:\users\hryasch\documents\github\lab7_graphics\debug\lab7_graphics.tlog\link.command.1.tlog
c:\users\hryasch\documents\github\lab7_graphics\debug\lab7_graphics.tlog\link.read.1.tlog
c:\users\hryasch\documents\github\lab7_graphics\debug\lab7_graphics.tlog\link.write.1.tlog
c:\users\hryasch\documents\github\lab7_graphics\debug\lab7_graphics.tlog\metagen.read.1.tlog
c:\users\hryasch\documents\github\lab7_graphics\debug\lab7_graphics.tlog\metagen.write.1.tlog
c:\users\hryasch\documents\github\lab7_graphics\debug\lab7_graphics.tlog\rsaenh.dll.bi
c:\users\hryasch\documents\github\lab7_graphics\debug\lab7_graphics.tlog\tzres.dll.bi
